<?xml version="1.0" encoding="UTF-8"?>
<!-- Generated by org.testng.reporters.JUnitReportReporter -->
<testsuite hostname="EPINGUGW0173" failures="0" tests="1" name="Test1" time="17.149" errors="0" timestamp="2023-12-09T19:01:11 IST" skipped="0">
  <testcase classname="Test1" name="openURL" time="17.149"/>
</testsuite> <!-- Test1 -->
